PPP	144 	-4.93421052632e-05 	143/144	99.3055555556
TSF	144 	-3.94736842105e-05 	143/144	99.3055555556
PHOL	144 	-1.64473684211e-05 	143/144	99.3055555556
SCCC	144 	-1.20230263158 	143/144	99.3055555556
KBANK	144 	-0.687664473684 	143/144	99.3055555556
BIGC	144 	-0.571875 	144/144	100.0
CHOTI	144 	-0.484375 	144/144	100.0
PTTEP	144 	-0.413980263158 	143/144	99.3055555556
CHARAN	144 	-0.3 	144/144	100.0
BBL	144 	-0.21875 	144/144	100.0
DTAC	144 	-0.193256578947 	143/144	99.3055555556
SAMART	144 	-0.1796875 	143/144	99.3055555556
BAY	144 	-0.1703125 	144/144	100.0
AEONTS	144 	-0.125 	144/144	100.0
TWP	144 	-0.119490131579 	143/144	99.3055555556
TCOAT	144 	-0.108585526316 	143/144	99.3055555556
TTTM	144 	-0.0947368421053 	143/144	99.3055555556
MFC	144 	-0.0909539473684 	143/144	99.3055555556
KTB	144 	-0.0783881578947 	143/144	99.3055555556
WACOAL	144 	-0.0749177631579 	143/144	99.3055555556
NKI	144 	-0.0745065789474 	143/144	99.3055555556
KDH	144 	-0.0737664473684 	143/144	99.3055555556
BAT-3K	144 	-0.071875 	144/144	100.0
JCT	144 	-0.0715460526316 	143/144	99.3055555556
AOT	144 	-0.06875 	144/144	100.0
TBSP	144 	-0.0684210526316 	143/144	99.3055555556
GFPT	144 	-0.0645394736842 	143/144	99.3055555556
MINT	144 	-0.0643914473684 	143/144	99.3055555556
UPF	144 	-0.0628289473684 	143/144	99.3055555556
JUBILE	144 	-0.0615953947368 	143/144	99.3055555556
TICON	144 	-0.0599013157895 	143/144	99.3055555556
WORK	144 	-0.0592105263158 	143/144	99.3055555556
SPG	144 	-0.0568914473684 	143/144	99.3055555556
SVH	144 	-0.0565789473684 	143/144	99.3055555556
GUNKUL	144 	-0.0552138157895 	143/144	99.3055555556
DELTA	144 	-0.0546875 	143/144	99.3055555556
RATCH	144 	-0.0527960526316 	143/144	99.3055555556
BTNC	144 	-0.0525 	144/144	100.0
VGI	144 	-0.0524703947368 	143/144	99.3055555556
PSL	144 	-0.0483717105263 	143/144	99.3055555556
CSR	144 	-0.046875 	144/144	100.0
ALUCON	144 	-0.04375 	144/144	100.0
BAFS	144 	-0.0421875 	144/144	100.0
STPI	144 	-0.0421052631579 	143/144	99.3055555556
ROBINS	144 	-0.0416118421053 	143/144	99.3055555556
CHUO	144 	-0.0396875 	144/144	100.0
TUF	144 	-0.0394572368421 	143/144	99.3055555556
LRH	144 	-0.0379934210526 	143/144	99.3055555556
ADVANC	144 	-0.0375 	144/144	100.0
PRG	144 	-0.0362828947368 	143/144	99.3055555556
MTI	144 	-0.0358552631579 	143/144	99.3055555556
SSSC	144 	-0.0346217105263 	143/144	99.3055555556
PPM	144 	-0.0333881578947 	143/144	99.3055555556
AIT	144 	-0.0328125 	144/144	100.0
SPALI	144 	-0.0324671052632 	143/144	99.3055555556
MCOT	144 	-0.0302631578947 	143/144	99.3055555556
TVI	144 	-0.0296875 	143/144	99.3055555556
TRIF	144 	-0.0294407894737 	143/144	99.3055555556
DIMET	144 	-0.0271217105263 	143/144	99.3055555556
IFEC	144 	-0.0255263157895 	143/144	99.3055555556
SRICHA	144 	-0.0252467105263 	143/144	99.3055555556
TCCC	144 	-0.0246052631579 	143/144	99.3055555556
TOPP	144 	-0.0238486842105 	143/144	99.3055555556
TTA	144 	-0.0234210526316 	143/144	99.3055555556
CTW	144 	-0.0228125 	144/144	100.0
UMS	144 	-0.0217598684211 	143/144	99.3055555556
TNPF	144 	-0.0197532894737 	143/144	99.3055555556
NOK	144 	-0.0196710526316 	143/144	99.3055555556
DNA	144 	-0.0193881578947 	143/144	99.3055555556
UAC	144 	-0.0189802631579 	143/144	99.3055555556
BCP	144 	-0.01875 	144/144	100.0
TPP	144 	-0.0185032894737 	143/144	99.3055555556
TISCO	144 	-0.0184210526316 	143/144	99.3055555556
PDI	144 	-0.0178289473684 	143/144	99.3055555556
SPCG	144 	-0.0177631578947 	143/144	99.3055555556
ACAP	144 	-0.0175 	144/144	100.0
GLOBAL	144 	-0.0174177631579 	143/144	99.3055555556
AJP	144 	-0.0171875 	144/144	100.0
LPN	144 	-0.0163486842105 	143/144	99.3055555556
CSL	144 	-0.01625 	144/144	100.0
HMPRO	144 	-0.0161677631579 	143/144	99.3055555556
EGCO	144 	-0.0161184210526 	143/144	99.3055555556
MDX	144 	-0.0160197368421 	143/144	99.3055555556
UPOIC	144 	-0.0157565789474 	143/144	99.3055555556
NPK	144 	-0.0155263157895 	143/144	99.3055555556
TNDT	144 	-0.0147368421053 	143/144	99.3055555556
GRAMMY	144 	-0.0142434210526 	143/144	99.3055555556
CHOW	144 	-0.0140625 	144/144	100.0
SAWANG	144 	-0.0140460526316 	143/144	99.3055555556
SCP	144 	-0.0136842105263 	143/144	99.3055555556
MOONG	144 	-0.0136348684211 	143/144	99.3055555556
NBC	144 	-0.0134342105263 	143/144	99.3055555556
BANPU	144 	-0.0125 	144/144	100.0
TMT	144 	-0.0122532894737 	143/144	99.3055555556
INTUCH	144 	-0.0117598684211 	143/144	99.3055555556
KSL	144 	-0.0117006578947 	143/144	99.3055555556
JAS	144 	-0.0112993421053 	143/144	99.3055555556
Q-CON	144 	-0.01125 	143/144	99.3055555556
PATO	144 	-0.0108223684211 	143/144	99.3055555556
TSC	144 	-0.0107565789474 	143/144	99.3055555556
LOXLEY	144 	-0.0105986842105 	143/144	99.3055555556
SUSCO	144 	-0.0103552631579 	143/144	99.3055555556
FMT	144 	-0.0102960526316 	143/144	99.3055555556
THANI	144 	-0.00980921052632 	143/144	99.3055555556
SUC	144 	-0.00970394736842 	143/144	99.3055555556
NINE	144 	-0.00947697368421 	143/144	99.3055555556
PAF	144 	-0.00889802631579 	143/144	99.3055555556
UTP	144 	-0.00885526315789 	143/144	99.3055555556
PRANDA	144 	-0.00850328947368 	143/144	99.3055555556
IFS	144 	-0.00842105263158 	143/144	99.3055555556
MAKRO	144 	-0.00838815789474 	143/144	99.3055555556
TMB	144 	-0.00830921052632 	143/144	99.3055555556
EVER	144 	-0.00825657894737 	143/144	99.3055555556
CSP	144 	-0.008 	144/144	100.0
TVD	144 	-0.00794736842105 	143/144	99.3055555556
PAP	144 	-0.00769078947368 	143/144	99.3055555556
SABINA	144 	-0.00766447368421 	143/144	99.3055555556
DSGT	144 	-0.00763157894737 	143/144	99.3055555556
MONO	144 	-0.00748026315789 	143/144	99.3055555556
TTW	144 	-0.00746710526316 	143/144	99.3055555556
MAJOR	144 	-0.00715460526316 	143/144	99.3055555556
TMW	144 	-0.00707236842105 	143/144	99.3055555556
VARO	144 	-0.00671052631579 	143/144	99.3055555556
STEC	144 	-0.00661184210526 	143/144	99.3055555556
BFIT	144 	-0.0065625 	144/144	100.0
BSM	144 	-0.0065625 	144/144	100.0
SIS	144 	-0.00652960526316 	143/144	99.3055555556
2S	144 	-0.00625 	144/144	100.0
DRT	144 	-0.00606578947368 	143/144	99.3055555556
KCAR	144 	-0.00605263157895 	143/144	99.3055555556
LANNA	144 	-0.00595394736842 	143/144	99.3055555556
GRAND	144 	-0.00568421052632 	143/144	99.3055555556
TU-PF	144 	-0.00565131578947 	143/144	99.3055555556
AEC	144 	-0.005625 	144/144	100.0
ASK	144 	-0.005625 	144/144	100.0
CNT	144 	-0.0055 	144/144	100.0
PERM	144 	-0.00548684210526 	143/144	99.3055555556
BCH	144 	-0.0053125 	144/144	100.0
EPCO	144 	-0.00513157894737 	143/144	99.3055555556
NMG	144 	-0.00513157894737 	143/144	99.3055555556
ROJNA	144 	-0.00503289473684 	143/144	99.3055555556
AMATA	144 	-0.005 	144/144	100.0
QTC	144 	-0.00497039473684 	143/144	99.3055555556
CGD	144 	-0.0048125 	144/144	100.0
HOTPOT	144 	-0.00478947368421 	143/144	99.3055555556
SALEE	144 	-0.0046875 	143/144	99.3055555556
KAMART	144 	-0.00450657894737 	143/144	99.3055555556
INET	144 	-0.00448684210526 	143/144	99.3055555556
TMC	144 	-0.00435526315789 	143/144	99.3055555556
CCP	144 	-0.00425 	144/144	100.0
SINGER	144 	-0.00417763157895 	143/144	99.3055555556
UEC	144 	-0.00416447368421 	143/144	99.3055555556
JMT	144 	-0.00407894736842 	143/144	99.3055555556
RML	144 	-0.00392105263158 	143/144	99.3055555556
VNT	144 	-0.00384868421053 	143/144	99.3055555556
MALEE	144 	-0.00370065789474 	143/144	99.3055555556
NUSA	144 	-0.00368421052632 	143/144	99.3055555556
HYDRO	144 	-0.00352631578947 	143/144	99.3055555556
CPR	144 	-0.0035 	144/144	100.0
CRANE	144 	-0.0035 	144/144	100.0
THRE	144 	-0.00346052631579 	143/144	99.3055555556
KBS	144 	-0.00335526315789 	143/144	99.3055555556
HEMRAJ	144 	-0.00326315789474 	143/144	99.3055555556
EARTH	144 	-0.00315789473684 	143/144	99.3055555556
MACO	144 	-0.00315789473684 	143/144	99.3055555556
JUTHA	144 	-0.00314473684211 	143/144	99.3055555556
CITY	144 	-0.003125 	144/144	100.0
TNH	144 	-0.003125 	143/144	99.3055555556
KTP	144 	-0.00306578947368 	143/144	99.3055555556
MPG	144 	-0.00295394736842 	143/144	99.3055555556
TTLPF	144 	-0.00292763157895 	143/144	99.3055555556
PPS	144 	-0.00284210526316 	143/144	99.3055555556
SPACK	144 	-0.00283552631579 	143/144	99.3055555556
CPI	144 	-0.00275 	144/144	100.0
BSBM	144 	-0.0026875 	144/144	100.0
M-II	144 	-0.00266447368421 	143/144	99.3055555556
HTECH	144 	-0.00261842105263 	143/144	99.3055555556
JMART	144 	-0.00258223684211 	143/144	99.3055555556
ECF	144 	-0.00257894736842 	143/144	99.3055555556
PAE	144 	-0.00256578947368 	143/144	99.3055555556
TKT	144 	-0.00248026315789 	143/144	99.3055555556
SMIT	144 	-0.00243421052632 	143/144	99.3055555556
SAUCE	144 	-0.00241776315789 	143/144	99.3055555556
LHBANK	144 	-0.00241447368421 	143/144	99.3055555556
LST	144 	-0.00240789473684 	143/144	99.3055555556
MATCH	144 	-0.00240789473684 	143/144	99.3055555556
PLE	144 	-0.00239802631579 	143/144	99.3055555556
TGCI	144 	-0.002375 	143/144	99.3055555556
SPORT	144 	-0.00235855263158 	143/144	99.3055555556
TNITY	144 	-0.00235197368421 	143/144	99.3055555556
TWFP	144 	-0.00230263157895 	143/144	99.3055555556
NNCL	144 	-0.00220723684211 	143/144	99.3055555556
BTC	144 	-0.002125 	144/144	100.0
SWC	144 	-0.00207236842105 	143/144	99.3055555556
ARIP	144 	-0.0020625 	144/144	100.0
LHK	144 	-0.00203947368421 	143/144	99.3055555556
MATI	144 	-0.00200657894737 	143/144	99.3055555556
TRUBB	144 	-0.00197697368421 	143/144	99.3055555556
MPIC	144 	-0.00188815789474 	143/144	99.3055555556
CEI	144 	-0.001875 	144/144	100.0
JTS	144 	-0.00179276315789 	143/144	99.3055555556
GJS	144 	-0.00177302631579 	143/144	99.3055555556
MAX	144 	-0.00169078947368 	143/144	99.3055555556
APURE	144 	-0.0016875 	144/144	100.0
AQUA	144 	-0.001625 	144/144	100.0
ZMICO	144 	-0.00152631578947 	143/144	99.3055555556
NEP	144 	-0.00141776315789 	143/144	99.3055555556
LALIN	144 	-0.00141447368421 	143/144	99.3055555556
TGPRO	144 	-0.001375 	143/144	99.3055555556
LUXF	144 	-0.00128289473684 	143/144	99.3055555556
GSTEL	144 	-0.00125986842105 	143/144	99.3055555556
UKEM	144 	-0.00121710526316 	143/144	99.3055555556
ERWPF	144 	-0.00120065789474 	143/144	99.3055555556
UOB8TF	144 	-0.00120065789474 	143/144	99.3055555556
BLAND	144 	-0.0010625 	144/144	100.0
SITHAI	144 	-0.00104605263158 	143/144	99.3055555556
MODERN	144 	-0.00101973684211 	143/144	99.3055555556
AMANAH	144 	-0.001 	144/144	100.0
PICO	144 	-0.000980263157895 	143/144	99.3055555556
SIRI	144 	-0.000970394736842 	143/144	99.3055555556
MNIT2	144 	-0.000953947368421 	143/144	99.3055555556
SSI	144 	-0.000953947368421 	143/144	99.3055555556
DRACO	144 	-0.000940789473684 	143/144	99.3055555556
BKKCP	144 	-0.0009375 	144/144	100.0
TWZ	144 	-0.000881578947368 	143/144	99.3055555556
EASON	144 	-0.000855263157895 	143/144	99.3055555556
CIMBT	144 	-0.0008125 	144/144	100.0
PJW	144 	-0.000644736842105 	143/144	99.3055555556
TFUND	144 	-0.000625 	143/144	99.3055555556
MNRF	144 	-0.000608552631579 	143/144	99.3055555556
M-STOR	144 	-0.000592105263158 	143/144	99.3055555556
MJD	144 	-0.000585526315789 	143/144	99.3055555556
BEAUTY	144 	-0.0005625 	144/144	100.0
MBAX	144 	-0.000483552631579 	143/144	99.3055555556
CNS	144 	-0.000375 	144/144	100.0
ESTAR	144 	-0.000358552631579 	143/144	99.3055555556
WIN	144 	-0.000338815789474 	143/144	99.3055555556
QHHR	144 	-0.000328947368421 	143/144	99.3055555556
SGP	144 	-0.000296052631579 	143/144	99.3055555556
UOBKH	144 	-0.000296052631579 	143/144	99.3055555556
QHPF	144 	-0.000263157894737 	143/144	99.3055555556
BGT	144 	-0.00025 	144/144	100.0
TSTH	144 	-0.000217105263158 	143/144	99.3055555556
NWR	144 	-0.000213815789474 	143/144	99.3055555556
IEC	144 	-0.000125 	143/144	99.3055555556
TYCN	144 	-0.000118421052632 	143/144	99.3055555556
A	144 	nan 	0/144	0.0
ABICO	144 	nan 	118/144	81.9444444444
ADAM	144 	0.0 	144/144	100.0
AF	144 	nan 	0/144	0.0
AFC	144 	nan 	1/144	0.694444444444
AH	144 	nan 	0/144	0.0
AI	144 	nan 	0/144	0.0
AIM	144 	nan 	0/144	0.0
AJ	144 	nan 	0/144	0.0
AKR	144 	nan 	1/144	0.694444444444
AMC	144 	nan 	1/144	0.694444444444
AP	144 	nan 	0/144	0.0
APX	144 	nan 	0/144	0.0
AS	144 	nan 	0/144	0.0
ASCON	144 	0.0 	144/144	100.0
ASIA	144 	nan 	0/144	0.0
BEC	144 	nan 	0/144	0.0
BGH	144 	nan 	40/144	27.7777777778
BH	144 	nan 	1/144	0.694444444444
BLA	144 	nan 	0/144	0.0
BLISS	144 	0.0 	144/144	100.0
BNC	144 	nan 	0/144	0.0
BRC	144 	nan 	0/144	0.0
BTS	144 	nan 	0/144	0.0
CAWOW	144 	nan 	0/144	0.0
CEN	144 	nan 	0/144	0.0
CGS	144 	nan 	5/144	3.47222222222
CHO	144 	nan 	0/144	0.0
CI	144 	nan 	0/144	0.0
CIRKIT	144 	nan 	0/144	0.0
CK	144 	nan 	0/144	0.0
CM	144 	nan 	0/144	0.0
CPF	144 	nan 	1/144	0.694444444444
CPICO	144 	nan 	0/144	0.0
CPN	144 	nan 	0/144	0.0
CYBER	144 	nan 	94/144	65.2777777778
D-MARK	144 	nan 	0/144	0.0
DTC	144 	nan 	0/144	0.0
DTM	144 	nan 	0/144	0.0
E	144 	nan 	0/144	0.0
EA	144 	Error	Miss	Match
ECL	144 	Error	Miss	Match
EE	144 	nan 	0/144	0.0
EMC	144 	nan 	0/144	0.0
ERW	144 	nan 	0/144	0.0
EUREKA	144 	nan 	0/144	0.0
F&D	144 	nan 	0/144	0.0
FE	144 	nan 	0/144	0.0
GC	144 	Error	Miss	Match
GEN	144 	Error	Miss	Match
GFM	144 	nan 	0/144	0.0
GL	144 	nan 	0/144	0.0
GOLD	144 	nan 	0/144	0.0
HANA	144 	nan 	0/144	0.0
IRC	144 	nan 	0/144	0.0
IT	144 	nan 	0/144	0.0
ITV	144 	nan 	0/144	0.0
JCP	144 	0.0 	143/144	99.3055555556
KC	144 	Error	Miss	Match
KK	144 	Error	Miss	Match
KKC	144 	Error	Miss	Match
KMC	144 	nan 	0/144	0.0
KTECH	144 	nan 	0/144	0.0
KWH	144 	nan 	0/144	0.0
L&E	144 	nan 	0/144	0.0
LEE	144 	nan 	0/144	0.0
LH	144 	nan 	0/144	0.0
LVT	144 	0.0 	143/144	99.3055555556
M-AAA	144 	nan 	29/144	20.1388888889
MBK	144 	nan 	0/144	0.0
METRO	144 	nan 	0/144	0.0
MILL	144 	nan 	0/144	0.0
MK	144 	nan 	0/144	0.0
ML	144 	nan 	0/144	0.0
MLINK	144 	nan 	92/144	63.8888888889
MME	144 	nan 	0/144	0.0
MNIT	144 	nan 	0/144	0.0
MSPF	144 	nan 	0/144	0.0
NC	144 	nan 	0/144	0.0
NFC	144 	nan 	0/144	0.0
NIPPON	144 	nan 	0/144	0.0
N-PARK	144 	nan 	0/144	0.0
OFM	144 	nan 	75/144	52.0833333333
OSK	144 	nan 	0/144	0.0
PATKL	144 	nan 	0/144	0.0
PE	144 	nan 	0/144	0.0
PF	144 	Error	Miss	Match
P-FCB	144 	nan 	0/144	0.0
PG	144 	nan 	0/144	0.0
PICNI	144 	nan 	0/144	0.0
PL	144 	Error	Miss	Match
PM	144 	nan 	0/144	0.0
POMPUI	144 	nan 	0/144	0.0
PPC	144 	nan 	0/144	0.0
PR	144 	Error	Miss	Match
PRO	144 	nan 	0/144	0.0
PS	144 	nan 	0/144	0.0
PT	144 	nan 	0/144	0.0
PTT	144 	nan 	0/144	0.0
QH	144 	nan 	0/144	0.0
RAM	144 	nan 	0/144	0.0
RASA	144 	nan 	0/144	0.0
RICH	144 	nan 	0/144	0.0
ROCK	144 	Error	Miss	Match
RPC	144 	nan 	0/144	0.0
RS	144 	nan 	0/144	0.0
SAFARI	144 	nan 	0/144	0.0
SAM	144 	nan 	0/144	0.0
SC	144 	nan 	0/144	0.0
SCAN	144 	0.0 	143/144	99.3055555556
SCB	144 	nan 	48/144	33.3333333333
SCBLIF	144 	nan 	95/144	65.9722222222
SCC	144 	nan 	0/144	0.0
SCSMG	144 	nan 	0/144	0.0
SECC	144 	nan 	0/144	0.0
SF	144 	nan 	0/144	0.0
SGF	144 	nan 	0/144	0.0
SIM	144 	Error	Miss	Match
SINGHA	144 	0.0 	143/144	99.3055555556
S&J	144 	nan 	0/144	0.0
SLC	144 	nan 	79/144	54.8611111111
SMC	144 	0.0 	143/144	99.3055555556
SPC	144 	nan 	0/144	0.0
SPF	144 	nan 	0/144	0.0
SSC	144 	nan 	0/144	0.0
SST	144 	nan 	0/144	0.0
STA	144 	nan 	0/144	0.0
STAR	144 	nan 	0/144	0.0
STHAI	144 	0.0 	143/144	99.3055555556
SUN	144 	nan 	0/144	0.0
TC	144 	Error	Miss	Match
TCC	144 	nan 	0/144	0.0
TCP	144 	Error	Miss	Match
TF	144 	nan 	0/144	0.0
TH	144 	nan 	0/144	0.0
THAI	144 	nan 	0/144	0.0
THL	144 	0.0 	143/144	99.3055555556
TIC	144 	nan 	0/144	0.0
TIES	144 	nan 	117/144	81.25
TIP	144 	nan 	0/144	0.0
TK	144 	nan 	0/144	0.0
TMI	144 	nan 	0/144	0.0
TOP	144 	nan 	0/144	0.0
TPA	144 	nan 	0/144	0.0
TPC	144 	nan 	0/144	0.0
TPROP	144 	nan 	0/144	0.0
TR	144 	nan 	0/144	0.0
TRS	144 	0.0 	143/144	99.3055555556
TRU	144 	nan 	0/144	0.0
TTL	144 	nan 	0/144	0.0
TT&T	144 	nan 	0/144	0.0
TUCC	144 	0.0 	143/144	99.3055555556
TYM	144 	nan 	0/144	0.0
UIC	144 	nan 	0/144	0.0
UOBAPF	144 	nan 	0/144	0.0
UP	144 	nan 	0/144	0.0
UT	144 	Error	Miss	Match
UV	144 	nan 	0/144	0.0
VGM	144 	nan 	0/144	0.0
WAT	144 	nan 	14/144	9.72222222222
WG	144 	Error	Miss	Match
WHA	144 	nan 	0/144	0.0
WR	144 	Error	Miss	Match
YCI	144 	0.0 	143/144	99.3055555556
YNP	144 	0.0 	143/144	99.3055555556
MSC	144 	0.000226973684211 	143/144	99.3055555556
CIG	144 	0.00025 	144/144	100.0
MIDA	144 	0.000348684210526 	143/144	99.3055555556
ASP	144 	0.000375 	144/144	100.0
GLAND	144 	0.000421052631579 	143/144	99.3055555556
KGI	144 	0.000421052631579 	143/144	99.3055555556
TKS	144 	0.000493421052632 	143/144	99.3055555556
SAMCO	144 	0.000618421052632 	143/144	99.3055555556
AKP	144 	0.000625 	144/144	100.0
WAVE	144 	0.000625 	143/144	99.3055555556
HFT	144 	0.000690789473684 	143/144	99.3055555556
HTC	144 	0.000723684210526 	143/144	99.3055555556
GBX	144 	0.000861842105263 	143/144	99.3055555556
INOX	144 	0.00104934210526 	143/144	99.3055555556
FSS	144 	0.00123026315789 	143/144	99.3055555556
LHPF	144 	0.00129934210526 	143/144	99.3055555556
SYMC	144 	0.00131578947368 	143/144	99.3055555556
QHOP	144 	0.00134868421053 	143/144	99.3055555556
CMO	144 	0.001375 	144/144	100.0
TFI	144 	0.00146381578947 	143/144	99.3055555556
SSF	144 	0.00151315789474 	143/144	99.3055555556
SVOA	144 	0.00151973684211 	143/144	99.3055555556
BJC	144 	0.0015625 	144/144	100.0
ICC	144 	0.0015625 	143/144	99.3055555556
FOCUS	144 	0.00156578947368 	143/144	99.3055555556
CWT	144 	0.001625 	144/144	100.0
DTCPF	144 	0.00162828947368 	143/144	99.3055555556
SMM	144 	0.00175986842105 	143/144	99.3055555556
GOLDPF	144 	0.00184210526316 	143/144	99.3055555556
IRCP	144 	0.00185855263158 	143/144	99.3055555556
BTSGIF	144 	0.001875 	144/144	100.0
CPNRF	144 	0.001875 	144/144	100.0
KPNPF	144 	0.001875 	143/144	99.3055555556
MFEC	144 	0.00203947368421 	143/144	99.3055555556
SIMAT	144 	0.00210526315789 	143/144	99.3055555556
SCG	144 	0.00215460526316 	143/144	99.3055555556
THANA	144 	0.00219078947368 	143/144	99.3055555556
IVL	144 	0.00222039473684 	143/144	99.3055555556
SENA	144 	0.00233552631579 	143/144	99.3055555556
ANAN	144 	0.002375 	144/144	100.0
EIC	144 	0.00244078947368 	143/144	99.3055555556
COLOR	144 	0.0026875 	144/144	100.0
TOG	144 	0.00274671052632 	143/144	99.3055555556
CHG	144 	0.00275 	144/144	100.0
IHL	144 	0.00294407894737 	143/144	99.3055555556
TRT	144 	0.00302631578947 	143/144	99.3055555556
BOL	144 	0.003125 	144/144	100.0
TIF1	144 	0.00314144736842 	143/144	99.3055555556
BROCK	144 	0.00325 	144/144	100.0
ESSO	144 	0.00334210526316 	143/144	99.3055555556
PTL	144 	0.00337171052632 	143/144	99.3055555556
TFD	144 	0.00338486842105 	143/144	99.3055555556
MONTRI	144 	0.00342105263158 	143/144	99.3055555556
ASIAN	144 	0.0035 	144/144	100.0
LIVE	144 	0.00350986842105 	143/144	99.3055555556
CTARAF	144 	0.003625 	144/144	100.0
SYNTEC	144 	0.00373026315789 	143/144	99.3055555556
SVI	144 	0.00388815789474 	143/144	99.3055555556
TPIPL	144 	0.00414144736842 	143/144	99.3055555556
SPPT	144 	0.00419078947368 	143/144	99.3055555556
VIH	144 	0.00421052631579 	143/144	99.3055555556
FNS	144 	0.00423026315789 	143/144	99.3055555556
BMCL	144 	0.00425 	144/144	100.0
SE-ED	144 	0.004375 	143/144	99.3055555556
SKR	144 	0.00444078947368 	143/144	99.3055555556
TNL	144 	0.00472039473684 	143/144	99.3055555556
TRUE	144 	0.00476973684211 	143/144	99.3055555556
MJLF	144 	0.00486842105263 	143/144	99.3055555556
TLGF	144 	0.00493421052632 	143/144	99.3055555556
PRIN	144 	0.00499342105263 	143/144	99.3055555556
NCH	144 	0.0051875 	143/144	99.3055555556
CFRESH	144 	0.0053125 	144/144	100.0
ASIMAR	144 	0.00575 	144/144	100.0
BROOK	144 	0.0059375 	144/144	100.0
CCET	144 	0.006 	144/144	100.0
SNC	144 	0.00601973684211 	143/144	99.3055555556
UVAN	144 	0.00608552631579 	143/144	99.3055555556
UMI	144 	0.00613486842105 	143/144	99.3055555556
EASTW	144 	0.00615131578947 	143/144	99.3055555556
CPNCG	144 	0.00625 	144/144	100.0
RCL	144 	0.00638157894737 	143/144	99.3055555556
SYNEX	144 	0.00639473684211 	143/144	99.3055555556
PREB	144 	0.00654605263158 	143/144	99.3055555556
TMILL	144 	0.00663815789474 	143/144	99.3055555556
QLT	144 	0.00680921052632 	143/144	99.3055555556
SANKO	144 	0.00682565789474 	143/144	99.3055555556
CPH	144 	0.006875 	144/144	100.0
KASET	144 	0.00707236842105 	143/144	99.3055555556
TCJ	144 	0.00730263157895 	143/144	99.3055555556
TPOLY	144 	0.00747697368421 	143/144	99.3055555556
BECL	144 	0.0078125 	144/144	100.0
IRPC	144 	0.008125 	143/144	99.3055555556
SSTPF	144 	0.00848684210526 	143/144	99.3055555556
FANCY	144 	0.00878947368421 	143/144	99.3055555556
TPCORP	144 	0.00881578947368 	143/144	99.3055555556
SIAM	144 	0.00893421052632 	143/144	99.3055555556
TEAM	144 	0.00895394736842 	143/144	99.3055555556
VTE	144 	0.00915789473684 	143/144	99.3055555556
FUTUREPF	144 	0.00934210526316 	143/144	99.3055555556
ROH	144 	0.00935855263158 	143/144	99.3055555556
MIPF	144 	0.009375 	143/144	99.3055555556
TLOGIS	144 	0.009375 	143/144	99.3055555556
WHAPF	144 	0.00950657894737 	143/144	99.3055555556
TCMC	144 	0.00953289473684 	143/144	99.3055555556
TCB	144 	0.0102467105263 	143/144	99.3055555556
TVO	144 	0.0103947368421 	143/144	99.3055555556
YUASA	144 	0.0103947368421 	143/144	99.3055555556
TPAC	144 	0.0112171052632 	143/144	99.3055555556
SAT	144 	0.0112828947368 	143/144	99.3055555556
POPF	144 	0.0114144736842 	143/144	99.3055555556
FORTH	144 	0.0114967105263 	143/144	99.3055555556
AAV	144 	0.0115 	144/144	100.0
TAPAC	144 	0.0115723684211 	143/144	99.3055555556
PB	144 	0.0119243421053 	143/144	99.3055555556
DCON	144 	0.0123947368421 	143/144	99.3055555556
NTV	144 	0.0125822368421 	143/144	99.3055555556
AGE	144 	0.0128125 	144/144	100.0
RCI	144 	0.0135032894737 	143/144	99.3055555556
THCOM	144 	0.0136513157895 	143/144	99.3055555556
CENTEL	144 	0.0140625 	144/144	100.0
BUI	144 	0.014375 	144/144	100.0
POST	144 	0.0150822368421 	143/144	99.3055555556
GENCO	144 	0.0155427631579 	143/144	99.3055555556
TLUXE	144 	0.0155592105263 	143/144	99.3055555556
TNPC	144 	0.0156907894737 	143/144	99.3055555556
VIBHA	144 	0.0158519736842 	143/144	99.3055555556
NOBLE	144 	0.0159539473684 	143/144	99.3055555556
SOLAR	144 	0.0159539473684 	143/144	99.3055555556
TCAP	144 	0.0168585526316 	143/144	99.3055555556
TMD	144 	0.0169407894737 	143/144	99.3055555556
MBKET	144 	0.0179605263158 	143/144	99.3055555556
URBNPF	144 	0.0183453947368 	143/144	99.3055555556
SAMTEL	144 	0.0183881578947 	143/144	99.3055555556
PRECHA	144 	0.0185921052632 	143/144	99.3055555556
APCS	144 	0.018625 	144/144	100.0
AYUD	144 	0.01875 	144/144	100.0
PYLON	144 	0.0188815789474 	143/144	99.3055555556
FPI	144 	0.0205098684211 	143/144	99.3055555556
DEMCO	144 	0.0206907894737 	143/144	99.3055555556
INSURE	144 	0.0207236842105 	143/144	99.3055555556
ITD	144 	0.0212664473684 	143/144	99.3055555556
SEAFCO	144 	0.0218256578947 	143/144	99.3055555556
TCIF	144 	0.021875 	143/144	99.3055555556
STANLY	144 	0.0223684210526 	143/144	99.3055555556
OISHI	144 	0.0224506578947 	143/144	99.3055555556
ARROW	144 	0.0225 	144/144	100.0
MANRIN	144 	0.0226973684211 	143/144	99.3055555556
DTCI	144 	0.0233552631579 	143/144	99.3055555556
MCS	144 	0.0248026315789 	143/144	99.3055555556
SNP	144 	0.0249177631579 	143/144	99.3055555556
OCC	144 	0.0249671052632 	143/144	99.3055555556
BKI	144 	0.025 	144/144	100.0
DCC	144 	0.0253223684211 	143/144	99.3055555556
M-CHAI	144 	0.0276315789474 	143/144	99.3055555556
SSPF	144 	0.0280098684211 	143/144	99.3055555556
TRC	144 	0.0292006578947 	143/144	99.3055555556
TSI	144 	0.0294934210526 	143/144	99.3055555556
CSC	144 	0.0296875 	144/144	100.0
ILINK	144 	0.0307894736842 	143/144	99.3055555556
KTC	144 	0.0314144736842 	143/144	99.3055555556
UBIS	144 	0.0321710526316 	143/144	99.3055555556
BWG	144 	0.0326875 	144/144	100.0
KIAT	144 	0.0336184210526 	143/144	99.3055555556
OGC	144 	0.0337171052632 	143/144	99.3055555556
GLOW	144 	0.0358552631579 	143/144	99.3055555556
VNG	144 	0.0370394736842 	143/144	99.3055555556
UNIQ	144 	0.0399013157895 	143/144	99.3055555556
SMT	144 	0.0405756578947 	143/144	99.3055555556
SFP	144 	0.0414473684211 	143/144	99.3055555556
SPI	144 	0.0430098684211 	143/144	99.3055555556
TIPCO	144 	0.0445394736842 	143/144	99.3055555556
LTX	144 	0.0479440789474 	143/144	99.3055555556
KWC	144 	0.0490131578947 	143/144	99.3055555556
TWS	144 	0.0496710526316 	143/144	99.3055555556
AHC	144 	0.0515625 	144/144	100.0
PTG	144 	0.0568092105263 	143/144	99.3055555556
PTTGC	144 	0.0592927631579 	143/144	99.3055555556
CPALL	144 	0.0640625 	144/144	100.0
CPL	144 	0.0796875 	144/144	100.0
APCO	144 	0.0826875 	144/144	100.0
GYT	144 	0.0861842105263 	143/144	99.3055555556
NEW	144 	0.0953125 	143/144	99.3055555556
SUPER	144 	0.101266447368 	143/144	99.3055555556
SORKON	144 	0.112088815789 	143/144	99.3055555556
TTCL	144 	0.115378289474 	143/144	99.3055555556
SHANG	144 	0.119901315789 	143/144	99.3055555556
SMPC	144 	0.1213125 	143/144	99.3055555556
TTI	144 	0.1328125 	143/144	99.3055555556
KCE	144 	0.140871710526 	143/144	99.3055555556
UWC	144 	0.150167763158 	143/144	99.3055555556
NSI	144 	0.155674342105 	143/144	99.3055555556
TIW	144 	0.2375 	143/144	99.3055555556
THIP	144 	0.251315789474 	143/144	99.3055555556
KYE	144 	0.261842105263 	143/144	99.3055555556
METCO	144 	0.273684210526 	143/144	99.3055555556
SMK	144 	0.530921052632 	143/144	99.3055555556
CMR	144 	0.56875 	144/144	100.0
TASCO	144 	0.719177631579 	143/144	99.3055555556
OHTL	144 	1.0125 	143/144	99.3055555556
TSTE	144 	1.6447368421e-05 	143/144	99.3055555556
AMARIN	144 	3.46944695195e-18 	144/144	100.0
